{"botMessageType":"text","botMessageValue":"/start","id":"91ebc47f-6ab0-4334-b1e5-2adb7a0b9b24","level":"info","message":"","telegramId":727495712,"timestamp":"2024-08-07 16:08:34"}
{"botMessageType":"text","botMessageValue":"/start","id":"fb3f8ef2-176c-4ab9-a857-fd0afcbfcb03","level":"info","message":"","telegramId":727495712,"timestamp":"2024-08-07 16:08:35"}
{"botMessageType":"text","botMessageValue":"/start","id":"6824ddb1-e0b0-47f2-a1f0-dc0971681359","level":"info","message":"","telegramId":727495712,"timestamp":"2024-08-07 16:08:35"}
{"botMessageType":"text","botMessageValue":"/start","id":"47550f89-5fd8-4ca7-9b8e-cc5a0360392e","level":"info","message":"","telegramId":727495712,"timestamp":"2024-08-07 16:08:35"}
{"botMessageType":"text","botMessageValue":"/start","id":"f29619a2-2b3e-4b98-b8f6-a41de31b8f8c","level":"info","message":"","telegramId":727495712,"timestamp":"2024-08-07 16:08:35"}
{"botMessageType":"text","botMessageValue":"/start","id":"875807e5-e604-4104-b51d-ea6b58d0c323","level":"info","message":"","telegramId":727495712,"timestamp":"2024-08-07 16:10:05"}
{"botMessageType":"text","botMessageValue":"/start","id":"fa2a5291-97b6-43ed-bc3c-3827b49353cc","level":"info","message":"","telegramId":727495712,"timestamp":"2024-08-07 16:22:07"}
{"botMessageType":"text","botMessageValue":"/browse","id":"e305c244-32b4-43d5-9127-93f8c3c8e237","level":"info","message":"","telegramId":727495712,"timestamp":"2024-08-07 16:22:17"}
{"botMessageType":"text","botMessageValue":"/browse","id":"c83813f5-a9e7-47f2-80b3-8b1934f0827e","level":"info","message":"","telegramId":727495712,"timestamp":"2024-08-07 16:27:53"}
{"botMessageType":"text","botMessageValue":"/start","id":"6d0139e2-9a52-437b-98bf-f568bd722565","level":"info","message":"","telegramId":727495712,"timestamp":"2024-08-07 16:28:01"}
{"botMessageType":"text","botMessageValue":"/start","id":"3f1de57f-4764-4e9d-a914-59dd9ce0f32d","level":"info","message":"","telegramId":727495712,"timestamp":"2024-08-07 16:48:36"}
{"botMessageType":"text","botMessageValue":"/start","id":"1c4d9042-f014-4264-a13e-7aeab92c3938","level":"info","message":"","telegramId":727495712,"timestamp":"2024-08-07 16:48:37"}
{"botMessageType":"text","botMessageValue":"/start","id":"3d853d43-fa6c-4bd8-9600-24af536525b8","level":"info","message":"","telegramId":727495712,"timestamp":"2024-08-07 16:48:45"}
{"botMessageType":"text","botMessageValue":"/start","id":"02db6203-2131-4935-b2eb-375bbb0d887b","level":"info","message":"","telegramId":727495712,"timestamp":"2024-08-07 16:59:17"}
{"botMessageType":"text","botMessageValue":"/start","id":"5d099ea5-85f6-4d79-9023-bad2d356c563","level":"info","message":"","telegramId":727495712,"timestamp":"2024-08-07 16:59:26"}
{"botMessageType":"text","botMessageValue":"/start","id":"78e92ad0-2670-414a-8dfb-d1bd66bce4fb","level":"info","message":"","telegramId":727495712,"timestamp":"2024-08-07 17:01:48"}
{"botMessageType":"text","botMessageValue":"/start","id":"3afb8a1c-a139-4d3e-9f93-2f2eb2f99953","level":"info","message":"","telegramId":727495712,"timestamp":"2024-08-07 17:02:00"}
{"botMessageType":"text","botMessageValue":"/start","id":"91e8f03d-bb53-4e6c-bc19-f5a272dc51b1","level":"info","message":"","telegramId":727495712,"timestamp":"2024-08-07 17:07:14"}
{"botMessageType":"text","botMessageValue":"/start","id":"67d0f4bf-9b26-4df6-bc40-60a59c7a9651","level":"info","message":"","telegramId":727495712,"timestamp":"2024-08-07 17:25:32"}
{"botMessageType":"text","botMessageValue":"/start","id":"e5fa5277-0f08-4a21-a487-44c86f55bc9a","level":"info","message":"","telegramId":727495712,"timestamp":"2024-08-07 17:26:19"}
{"botMessageType":"text","botMessageValue":"/start","id":"9097159b-740b-4acf-a9e9-256f5d42faf9","level":"info","message":"","telegramId":727495712,"timestamp":"2024-08-07 17:44:09"}
{"botMessageType":"text","botMessageValue":"Browse","id":"3bcf9e0c-53cd-4265-a921-20849674f3a1","level":"info","message":"","telegramId":727495712,"timestamp":"2024-08-07 17:44:19"}
{"botMessageType":"text","botMessageValue":"Service 1","id":"0b13b504-d03a-4acf-b1d1-fbb4ca442891","level":"info","message":"","telegramId":727495712,"timestamp":"2024-08-07 17:44:24"}
{"botMessageType":"callback","botMessageValue":"agree_terms","id":"fe81d2f4-f664-4a7d-84d4-3c8d89f2e206","level":"info","message":"","telegramId":727495712,"timestamp":"2024-08-07 17:44:27"}
{"botMessageType":"text","id":"33585628-cc63-48a3-8b26-9184c66b5426","level":"info","message":"","telegramId":727495712,"timestamp":"2024-08-07 17:44:30"}
{"botMessageType":"text","botMessageValue":"Natnael","id":"1ca38497-106a-41e1-8c2c-328fe9e153a2","level":"info","message":"","telegramId":727495712,"timestamp":"2024-08-07 17:44:34"}
{"botMessageType":"text","botMessageValue":"Nnn","id":"95952e7a-0fdf-4f9e-8019-fc0f4cea3944","level":"info","message":"","telegramId":727495712,"timestamp":"2024-08-07 17:44:38"}
{"botMessageType":"text","botMessageValue":"22","id":"f717232b-4869-4e24-b875-8d3cd81c2f1f","level":"info","message":"","telegramId":727495712,"timestamp":"2024-08-07 17:44:43"}
{"botMessageType":"callback","botMessageValue":"Male","id":"16e3bafe-eb82-41a7-bda0-a1601e241db6","level":"info","message":"","telegramId":727495712,"timestamp":"2024-08-07 17:44:45"}
{"botMessageType":"text","botMessageValue":"Skip","id":"b1464695-ed84-43c5-9c1e-94960ab7ce52","level":"info","message":"","telegramId":727495712,"timestamp":"2024-08-07 17:45:05"}
{"botMessageType":"callback","botMessageValue":"ET:Ethiopia","id":"4e6ec68b-3831-4522-a214-ed908743374c","level":"info","message":"","telegramId":727495712,"timestamp":"2024-08-07 17:45:09"}
{"botMessageType":"callback","botMessageValue":"Addis Ababa","id":"20df766a-7eab-4c51-bceb-69e9426360f8","level":"info","message":"","telegramId":727495712,"timestamp":"2024-08-07 17:45:24"}
{"botMessageType":"callback","botMessageValue":"register_data","id":"e126c902-1695-41f1-930a-d30bbd0da322","level":"info","message":"","telegramId":727495712,"timestamp":"2024-08-07 17:45:29"}
{"botMessageType":"text","botMessageValue":"Service 1","id":"41f79d07-c476-4546-9293-9fefc4571488","level":"info","message":"","telegramId":727495712,"timestamp":"2024-08-07 17:45:37"}
{"botMessageType":"text","botMessageValue":"Section 1A","id":"dc3c86ba-5e5c-4c52-9f21-8f16d08e0fb3","level":"info","message":"","telegramId":727495712,"timestamp":"2024-08-07 17:45:39"}
{"botMessageType":"callback","botMessageValue":"ar","id":"0b0fa80b-6e0d-41e2-8f68-51a988174a96","level":"info","message":"","telegramId":727495712,"timestamp":"2024-08-07 17:45:41"}
{"botMessageType":"callback","botMessageValue":"Addis Ababa","id":"810731c1-06d1-40d7-adea-e1694f5eb028","level":"info","message":"","telegramId":727495712,"timestamp":"2024-08-07 17:45:52"}
{"botMessageType":"callback","botMessageValue":"bi","id":"92e4c562-ad82-4833-b9c6-cbb5cffd0022","level":"info","message":"","telegramId":727495712,"timestamp":"2024-08-07 17:45:54"}
{"botMessageType":"text","botMessageValue":"1312","id":"9d995a3f-c546-4546-b6aa-99b9f309ecaa","level":"info","message":"","telegramId":727495712,"timestamp":"2024-08-07 17:46:01"}
{"botMessageType":"text","botMessageValue":"Aaa","id":"2755e635-b8f7-418c-9dcb-2ab26d8046ab","level":"info","message":"","telegramId":727495712,"timestamp":"2024-08-07 17:46:05"}
{"botMessageType":"text","botMessageValue":"Aaa","id":"233c4ef7-a546-4ec2-940f-78c8434d906b","level":"info","message":"","telegramId":727495712,"timestamp":"2024-08-07 17:46:08"}
{"botMessageType":"text","id":"851fcead-6d4c-43a6-bc77-d0ec8e4c19ff","level":"info","message":"","telegramId":727495712,"timestamp":"2024-08-07 17:48:13"}
{"botMessageType":"text","id":"2ba3b579-73ea-4bec-b704-9138f4ffaed4","level":"info","message":"","telegramId":727495712,"timestamp":"2024-08-07 17:48:13"}
{"botMessageType":"text","id":"39bb3608-2c16-4d4c-83e9-0fb5901a39fe","level":"info","message":"","telegramId":727495712,"timestamp":"2024-08-07 17:48:14"}
{"botMessageType":"text","id":"c6fe6076-e771-41e2-bfa9-a1a6c8ef697e","level":"info","message":"","telegramId":727495712,"timestamp":"2024-08-07 17:48:14"}
{"botMessageType":"callback","botMessageValue":"post_data","id":"c1e3777c-1291-4e28-9450-d205dfad0da4","level":"info","message":"","telegramId":727495712,"timestamp":"2024-08-07 17:48:17"}
{"botMessageType":"callback","botMessageValue":"main_menu","id":"f3f2e17e-99b0-4d2a-91fc-102b8192698e","level":"info","message":"","telegramId":727495712,"timestamp":"2024-08-07 17:48:26"}
{"botMessageType":"text","botMessageValue":"Service 1","id":"49ed80cb-9aaf-4e2f-a8fa-97392bc89cd4","level":"info","message":"","telegramId":727495712,"timestamp":"2024-08-07 17:48:40"}
{"botMessageType":"text","botMessageValue":"Section 1B","id":"f57551af-3496-4dee-98db-93cd0eb0c85b","level":"info","message":"","telegramId":727495712,"timestamp":"2024-08-07 17:48:45"}
{"botMessageType":"text","botMessageValue":"Title 1","id":"f0b11746-ec67-4760-a058-27fb9d8be3a6","level":"info","message":"","telegramId":727495712,"timestamp":"2024-08-07 17:48:55"}
{"botMessageType":"callback","botMessageValue":"main_1","id":"63b01e17-cfa5-42b0-988e-eb5236033494","level":"info","message":"","telegramId":727495712,"timestamp":"2024-08-07 17:48:57"}
{"botMessageType":"callback","botMessageValue":"#SubA_1","id":"fafddf46-352b-4a67-8287-6d7a2e5a882e","level":"info","message":"","telegramId":727495712,"timestamp":"2024-08-07 17:48:59"}
{"botMessageType":"callback","botMessageValue":"bi","id":"eeabee0c-3fe1-4a72-bbeb-02990ea137ca","level":"info","message":"","telegramId":727495712,"timestamp":"2024-08-07 17:49:00"}
{"botMessageType":"text","botMessageValue":"1112","id":"9d5a0b46-d79d-45dd-a0dc-d148b7b8099d","level":"info","message":"","telegramId":727495712,"timestamp":"2024-08-07 17:49:04"}
{"botMessageType":"callback","botMessageValue":"urgent_1","id":"a1abfa11-3427-491f-a4ed-704c0be2437b","level":"info","message":"","telegramId":727495712,"timestamp":"2024-08-07 17:49:06"}
{"botMessageType":"callback","botMessageValue":"Bonga","id":"1928c0a4-443c-4749-a587-6baa05d89830","level":"info","message":"","telegramId":727495712,"timestamp":"2024-08-07 17:49:11"}
{"botMessageType":"text","botMessageValue":"Ddd","id":"ef92e8e2-0ac5-460f-9579-fa744621be3c","level":"info","message":"","telegramId":727495712,"timestamp":"2024-08-07 17:49:16"}
{"botMessageType":"text","id":"c606ccd1-a020-4aaf-9659-e88f06f660ed","level":"info","message":"","telegramId":727495712,"timestamp":"2024-08-07 17:49:23"}
{"botMessageType":"text","id":"5471bcc9-3d2a-42ba-b3cf-aee4be081645","level":"info","message":"","telegramId":727495712,"timestamp":"2024-08-07 17:49:23"}
{"botMessageType":"text","id":"904b3754-45a0-4060-bbbf-62ae2ecc52bd","level":"info","message":"","telegramId":727495712,"timestamp":"2024-08-07 17:49:23"}
{"botMessageType":"text","id":"b503b3f1-520d-4986-8fc9-4494ae8b50d8","level":"info","message":"","telegramId":727495712,"timestamp":"2024-08-07 17:49:23"}
{"botMessageType":"callback","botMessageValue":"post_data","id":"369282ac-e08e-4d3d-a43c-fbff847e28db","level":"info","message":"","telegramId":727495712,"timestamp":"2024-08-07 17:49:27"}
{"botMessageType":"callback","botMessageValue":"main_menu","id":"70a000a2-db75-497d-b528-7c4222b8a68e","level":"info","message":"","telegramId":727495712,"timestamp":"2024-08-07 17:49:33"}
{"botMessageType":"text","botMessageValue":"Service 1","id":"5cbdc180-bcee-49ea-a63b-16f156e18be2","level":"info","message":"","telegramId":727495712,"timestamp":"2024-08-07 17:49:36"}
{"botMessageType":"text","botMessageValue":"Section 1C","id":"7f4ccc74-c268-45c4-ab57-24e6bbdd03df","level":"info","message":"","telegramId":727495712,"timestamp":"2024-08-07 17:49:39"}
{"botMessageType":"callback","botMessageValue":"ps1","id":"6824f1a8-f0b6-4c6f-a92a-01bf3e434d7f","level":"info","message":"","telegramId":727495712,"timestamp":"2024-08-07 17:49:43"}
{"botMessageType":"callback","botMessageValue":"ar","id":"a652f094-1056-4ff6-aeb6-c9de2fcd8330","level":"info","message":"","telegramId":727495712,"timestamp":"2024-08-07 17:49:45"}
{"botMessageType":"callback","botMessageValue":"Bishoftu","id":"86fd99a8-883a-41e1-a694-4c593a620c77","level":"info","message":"","telegramId":727495712,"timestamp":"2024-08-07 17:49:49"}
{"botMessageType":"callback","botMessageValue":"policy","id":"fc32dadd-33a7-48ff-bd6a-761cdd24b6d9","level":"info","message":"","telegramId":727495712,"timestamp":"2024-08-07 17:49:51"}
{"botMessageType":"callback","botMessageValue":"policy","id":"0a8e2604-a988-4ab5-b207-6242370ecd25","level":"info","message":"","telegramId":727495712,"timestamp":"2024-08-07 17:49:53"}
{"botMessageType":"callback","botMessageValue":"policy","id":"10bab205-4966-40c5-afa1-6a2e09599576","level":"info","message":"","telegramId":727495712,"timestamp":"2024-08-07 17:49:54"}
{"botMessageType":"text","botMessageValue":"1999","id":"4b33f4e9-2c5b-449b-8ab2-fc4d3096a790","level":"info","message":"","telegramId":727495712,"timestamp":"2024-08-07 17:49:59"}
{"botMessageType":"callback","botMessageValue":"bi","id":"bffdda3a-1f3c-4e72-ad6f-85abb8dfdda8","level":"info","message":"","telegramId":727495712,"timestamp":"2024-08-07 17:50:00"}
{"botMessageType":"text","botMessageValue":"11","id":"fb3598a8-3662-408d-b888-32537aa36f07","level":"info","message":"","telegramId":727495712,"timestamp":"2024-08-07 17:50:09"}
{"botMessageType":"text","botMessageValue":"Ddd","id":"2cdd1b59-d154-41ab-844f-666bc682e654","level":"info","message":"","telegramId":727495712,"timestamp":"2024-08-07 17:50:12"}
{"botMessageType":"text","id":"373270c7-2baa-45f7-b7b2-e92f235ad9e9","level":"info","message":"","telegramId":727495712,"timestamp":"2024-08-07 17:50:19"}
{"botMessageType":"text","id":"38f027c1-8967-43ff-81f3-596fe52eb47f","level":"info","message":"","telegramId":727495712,"timestamp":"2024-08-07 17:50:19"}
{"botMessageType":"text","id":"037f8aae-d6ef-4450-a251-4463aa8e31f5","level":"info","message":"","telegramId":727495712,"timestamp":"2024-08-07 17:50:20"}
{"botMessageType":"text","id":"7c3553d0-ae86-4f6c-8c9f-f77adec9cabc","level":"info","message":"","telegramId":727495712,"timestamp":"2024-08-07 17:50:20"}
{"botMessageType":"callback","botMessageValue":"post_data","id":"28ffa733-d26f-491e-a33a-a7ca743e68a0","level":"info","message":"","telegramId":727495712,"timestamp":"2024-08-07 17:50:24"}
{"botMessageType":"callback","botMessageValue":"main_menu","id":"262de264-f1ec-4fa4-a107-e980129bed8b","level":"info","message":"","telegramId":727495712,"timestamp":"2024-08-07 17:50:28"}
{"botMessageType":"text","botMessageValue":"Service 1","id":"abeb5f3d-1dc5-42e6-978e-6eb53a7e6b3a","level":"info","message":"","telegramId":727495712,"timestamp":"2024-08-07 17:50:31"}
{"botMessageType":"text","botMessageValue":"Section 1C","id":"8cdcc5f8-ff83-4aaa-a4c7-896b81103494","level":"info","message":"","telegramId":727495712,"timestamp":"2024-08-07 17:50:33"}
{"botMessageType":"callback","botMessageValue":"ps1","id":"c919b3a6-be66-4f20-8fad-08cc5430f146","level":"info","message":"","telegramId":727495712,"timestamp":"2024-08-07 17:50:38"}
{"botMessageType":"text","botMessageValue":"/start","id":"9b9a0b24-9fcf-4962-b9dc-6d23dd066861","level":"info","message":"","telegramId":727495712,"timestamp":"2024-08-07 17:52:29"}
{"botMessageType":"text","botMessageValue":"Service 2","id":"0085cceb-5c4a-46ea-84ed-102d140f02f1","level":"info","message":"","telegramId":727495712,"timestamp":"2024-08-07 17:52:34"}
{"botMessageType":"callback","botMessageValue":"amendment","id":"9bd000f8-64d0-4ea6-bbce-a886af48a695","level":"info","message":"","telegramId":727495712,"timestamp":"2024-08-07 17:52:36"}
{"botMessageType":"text","botMessageValue":"T","id":"151fc49c-f0c2-4260-9313-be81abc32031","level":"info","message":"","telegramId":727495712,"timestamp":"2024-08-07 17:52:42"}
{"botMessageType":"text","botMessageValue":"Ddd","id":"c10d724e-c418-4bc4-b4b4-3811f7d2c25a","level":"info","message":"","telegramId":727495712,"timestamp":"2024-08-07 17:52:45"}
{"botMessageType":"callback","botMessageValue":"post_data","id":"723cb1ea-9e0e-4920-8e2d-39a4a441ac02","level":"info","message":"","telegramId":727495712,"timestamp":"2024-08-07 17:52:55"}
{"botMessageType":"callback","botMessageValue":"main_menu","id":"99a4ae8d-560f-44ca-926a-e28cc59e2eb3","level":"info","message":"","telegramId":727495712,"timestamp":"2024-08-07 17:52:59"}
{"botMessageType":"text","botMessageValue":"Service 3","id":"88b19f87-c5e4-4ba4-90b1-391eab916815","level":"info","message":"","telegramId":727495712,"timestamp":"2024-08-07 17:53:03"}
{"botMessageType":"callback","botMessageValue":"birth","id":"7f310cbe-d962-471d-afb0-62986942a837","level":"info","message":"","telegramId":727495712,"timestamp":"2024-08-07 17:53:05"}
{"botMessageType":"text","botMessageValue":"Ttt","id":"2020cd2f-f67e-41fc-b1aa-1987f321490c","level":"info","message":"","telegramId":727495712,"timestamp":"2024-08-07 17:53:12"}
{"botMessageType":"text","botMessageValue":"Back","id":"d6b77e57-07a6-4179-8a06-5ecdd667b087","level":"info","message":"","telegramId":727495712,"timestamp":"2024-08-07 17:53:15"}
{"botMessageType":"callback","botMessageValue":"birth","id":"4ca96f21-86f6-4faa-b6df-984db873d02e","level":"info","message":"","telegramId":727495712,"timestamp":"2024-08-07 17:53:26"}
{"botMessageType":"callback","botMessageValue":"birth","id":"b61de157-c5e7-47ec-ae97-9a82450244e8","level":"info","message":"","telegramId":727495712,"timestamp":"2024-08-07 17:53:32"}
{"botMessageType":"callback","botMessageValue":"marital","id":"302905e0-4ebb-44df-bb67-617df40222d4","level":"info","message":"","telegramId":727495712,"timestamp":"2024-08-07 17:53:35"}
{"botMessageType":"text","botMessageValue":"Back","id":"28a85261-4ed4-42d5-9a1c-832edbcafc22","level":"info","message":"","telegramId":727495712,"timestamp":"2024-08-07 17:53:39"}
{"botMessageType":"callback","botMessageValue":"birth","id":"01f464f3-a067-44f4-94af-6801de82ef1e","level":"info","message":"","telegramId":727495712,"timestamp":"2024-08-07 17:53:41"}
{"botMessageType":"text","botMessageValue":"Hhh","id":"1b74af6f-d645-4b2c-af37-e209a93b8ebb","level":"info","message":"","telegramId":727495712,"timestamp":"2024-08-07 17:53:52"}
{"botMessageType":"text","botMessageValue":"Ddd","id":"48bf43f1-e4ef-431b-be15-a6cf609780a4","level":"info","message":"","telegramId":727495712,"timestamp":"2024-08-07 17:53:56"}
{"botMessageType":"text","botMessageValue":"Skip","id":"eca1fc51-630a-42d1-b593-6bb65dae14c6","level":"info","message":"","telegramId":727495712,"timestamp":"2024-08-07 17:53:58"}
{"botMessageType":"callback","botMessageValue":"post_data","id":"a6f8f7a8-bc13-4b8a-88dc-8137682748ab","level":"info","message":"","telegramId":727495712,"timestamp":"2024-08-07 17:54:01"}
{"botMessageType":"text","botMessageValue":"/start","id":"730bbb97-3b8a-4a3b-b885-1e88cc2507e6","level":"info","message":"","telegramId":727495712,"timestamp":"2024-08-07 17:54:09"}
{"botMessageType":"text","botMessageValue":"Service 3","id":"fdacf0fd-a5c7-4679-8c6a-58dcf5f6b417","level":"info","message":"","telegramId":727495712,"timestamp":"2024-08-07 17:54:11"}
{"botMessageType":"callback","botMessageValue":"birth","id":"c3dde169-663f-4922-ae9b-30273a059e6a","level":"info","message":"","telegramId":727495712,"timestamp":"2024-08-07 17:54:21"}
{"botMessageType":"text","botMessageValue":"Titl","id":"047d83cb-fd41-45a3-9f52-06015975b229","level":"info","message":"","telegramId":727495712,"timestamp":"2024-08-07 17:54:35"}
{"botMessageType":"text","botMessageValue":"Ddd","id":"90d3b40d-188b-4aa3-b1b9-08ca214a0d93","level":"info","message":"","telegramId":727495712,"timestamp":"2024-08-07 17:54:39"}
{"botMessageType":"text","botMessageValue":"Skip","id":"6be72285-06ee-42dc-8c61-e02bbc202f2a","level":"info","message":"","telegramId":727495712,"timestamp":"2024-08-07 17:54:42"}
{"botMessageType":"callback","botMessageValue":"post_data","id":"5e634c6f-e4a5-49c7-a8ed-2a0b92466d81","level":"info","message":"","telegramId":727495712,"timestamp":"2024-08-07 17:54:44"}
{"botMessageType":"text","botMessageValue":"/start","id":"0630bfe9-e064-402a-93c6-b4748639b051","level":"info","message":"","telegramId":727495712,"timestamp":"2024-08-07 17:54:50"}
{"botMessageType":"text","botMessageValue":"/register","id":"275018cf-1907-4ace-9bed-e085318f88ca","level":"info","message":"","telegramId":727495712,"timestamp":"2024-08-07 17:54:54"}
{"botMessageType":"text","botMessageValue":"/browse","id":"b73862a8-859a-4c18-b0f5-af86144bce5e","level":"info","message":"","telegramId":727495712,"timestamp":"2024-08-07 17:55:12"}
{"botMessageType":"text","botMessageValue":"Service 4","id":"c25fc20d-d174-4f73-9fba-db96270cbf23","level":"info","message":"","telegramId":727495712,"timestamp":"2024-08-07 17:55:16"}
{"botMessageType":"callback","botMessageValue":"manufacture","id":"a53393af-7100-45b8-84cb-a5851d11859c","level":"info","message":"","telegramId":727495712,"timestamp":"2024-08-07 17:55:18"}
{"botMessageType":"text","botMessageValue":"Sector1","id":"7cf537a9-3297-4c04-b72b-f8aecdeaddd2","level":"info","message":"","telegramId":727495712,"timestamp":"2024-08-07 17:55:30"}
{"botMessageType":"callback","botMessageValue":"1","id":"8e80458b-6d45-4805-9419-462114a09bdd","level":"info","message":"","telegramId":727495712,"timestamp":"2024-08-07 17:55:33"}
{"botMessageType":"callback","botMessageValue":"bronze","id":"891ebf5e-25b7-4ca9-9d0f-722ad7922511","level":"info","message":"","telegramId":727495712,"timestamp":"2024-08-07 17:55:36"}
{"botMessageType":"text","botMessageValue":"Nnn","id":"1ec8423d-209f-45d4-b389-4f1d460c293d","level":"info","message":"","telegramId":727495712,"timestamp":"2024-08-07 17:55:44"}
{"botMessageType":"text","botMessageValue":"Aaa","id":"521f2563-b5f2-4212-9b83-9ac4619fc343","level":"info","message":"","telegramId":727495712,"timestamp":"2024-08-07 17:55:46"}
{"botMessageType":"text","id":"78114a8d-76bd-4799-96e1-a6c02a147c5e","level":"info","message":"","telegramId":727495712,"timestamp":"2024-08-07 17:55:59"}
{"botMessageType":"text","id":"621ff3b5-ea62-418b-841a-db50cbb34f21","level":"info","message":"","telegramId":727495712,"timestamp":"2024-08-07 17:56:00"}
{"botMessageType":"text","id":"1b48c03e-852c-4770-bb09-40236072cf6e","level":"info","message":"","telegramId":727495712,"timestamp":"2024-08-07 17:56:00"}
{"botMessageType":"text","id":"6675b9a5-8208-4ec6-9147-1d0abb69afdd","level":"info","message":"","telegramId":727495712,"timestamp":"2024-08-07 17:56:00"}
{"botMessageType":"callback","botMessageValue":"post_data","id":"a58ad7e7-863a-42ae-b5fb-54fcb5d32319","level":"info","message":"","telegramId":727495712,"timestamp":"2024-08-07 17:56:03"}
{"botMessageType":"callback","botMessageValue":"main_menu","id":"27e6659a-b50a-4d01-a0a7-480ac0b92c3f","level":"info","message":"","telegramId":727495712,"timestamp":"2024-08-07 17:56:15"}
{"botMessageType":"text","botMessageValue":"Service 4","id":"16dcdbe7-e129-4264-8491-150b2b9ddcbf","level":"info","message":"","telegramId":727495712,"timestamp":"2024-08-07 17:56:18"}
{"botMessageType":"callback","botMessageValue":"chicken-farm","id":"07562e3b-6658-4278-8ca6-60a85a98941e","level":"info","message":"","telegramId":727495712,"timestamp":"2024-08-07 17:56:20"}
{"botMessageType":"text","botMessageValue":"Nnn","id":"13eda082-2345-4087-acf3-de39c20ff5ee","level":"info","message":"","telegramId":727495712,"timestamp":"2024-08-07 17:56:27"}
{"botMessageType":"callback","botMessageValue":"bronze","id":"b95c733c-2075-4b9f-8b7f-bbb291729ca5","level":"info","message":"","telegramId":727495712,"timestamp":"2024-08-07 17:56:32"}
{"botMessageType":"text","botMessageValue":"Aaaa","id":"d35184d3-e6a4-4f34-a81b-c12eeca7fa27","level":"info","message":"","telegramId":727495712,"timestamp":"2024-08-07 17:56:36"}
{"botMessageType":"text","botMessageValue":"Aaa","id":"2c93dc0d-c326-4f5a-9283-698f3a0b350c","level":"info","message":"","telegramId":727495712,"timestamp":"2024-08-07 17:56:38"}
{"botMessageType":"callback","botMessageValue":"post_data","id":"d4edbca0-9f6d-4ee6-a210-241a25febab4","level":"info","message":"","telegramId":727495712,"timestamp":"2024-08-07 17:56:40"}
{"botMessageType":"callback","botMessageValue":"main_menu","id":"3526a700-8518-4cef-9999-c6787c3de797","level":"info","message":"","telegramId":727495712,"timestamp":"2024-08-07 17:56:44"}
{"botMessageType":"text","botMessageValue":"Service 4","id":"9fd9e348-e889-47d3-8ec8-dbcd78a48bbb","level":"info","message":"","telegramId":727495712,"timestamp":"2024-08-07 17:56:52"}
{"botMessageType":"callback","botMessageValue":"construction","id":"5e60db8c-6702-456c-9e69-299b686fbc89","level":"info","message":"","telegramId":727495712,"timestamp":"2024-08-07 17:56:54"}
{"botMessageType":"callback","botMessageValue":"Big","id":"d4042513-1c12-4e68-a0e1-5b2475ef0d25","level":"info","message":"","telegramId":727495712,"timestamp":"2024-08-07 17:56:59"}
{"botMessageType":"callback","botMessageValue":"600-900m2","id":"6e7b8aeb-52f2-41a5-9c27-3e1ef3a86195","level":"info","message":"","telegramId":727495712,"timestamp":"2024-08-07 17:57:03"}
{"botMessageType":"callback","botMessageValue":"Under consruction","id":"a306e74d-8095-4b55-8fe4-4fb746b90f7f","level":"info","message":"","telegramId":727495712,"timestamp":"2024-08-07 17:57:07"}
{"botMessageType":"text","botMessageValue":"A","id":"3b7ca0c3-23c9-499e-aed1-9de038106102","level":"info","message":"","telegramId":727495712,"timestamp":"2024-08-07 17:57:13"}
{"botMessageType":"text","botMessageValue":"Aa","id":"a8df9c3b-46e6-42f2-b49f-32dcee1244ca","level":"info","message":"","telegramId":727495712,"timestamp":"2024-08-07 17:57:18"}
{"botMessageType":"text","id":"893649d6-7c39-44ea-9bf6-55eb46e7fd8e","level":"info","message":"","telegramId":727495712,"timestamp":"2024-08-07 17:57:28"}
{"botMessageType":"text","id":"f34353ca-bee3-43a3-b2b1-651ac1f5029d","level":"info","message":"","telegramId":727495712,"timestamp":"2024-08-07 17:57:28"}
{"botMessageType":"text","id":"b11a704f-d292-404d-a191-2a41fdf34dee","level":"info","message":"","telegramId":727495712,"timestamp":"2024-08-07 17:57:29"}
{"botMessageType":"text","id":"09e400da-6217-47ba-b663-b282a586a7f4","level":"info","message":"","telegramId":727495712,"timestamp":"2024-08-07 17:57:29"}
{"botMessageType":"callback","botMessageValue":"post_data","id":"4f9344c2-e4c9-47b4-a491-0260560ab330","level":"info","message":"","telegramId":727495712,"timestamp":"2024-08-07 17:57:32"}
{"botMessageType":"callback","botMessageValue":"main_menu","id":"95ba086e-bed4-4068-a075-889a64e5fa8a","level":"info","message":"","telegramId":727495712,"timestamp":"2024-08-07 17:57:36"}
